<?xml version="1.0" encoding="UTF-8"?>
<testsuite xmlns:xsi="http://www.w3.org/2001/XMLSchema-instance" xsi:noNamespaceSchemaLocation="https://maven.apache.org/surefire/maven-surefire-plugin/xsd/surefire-test-report.xsd" version="3.0.1" name="runner.CucumberRunnerTest" time="2.348" tests="1" errors="1" skipped="0" failures="0">
  <properties>
[...]
</properties>
  <testcase name="Verify 0 items on the Approval Requests page" classname="Approval Requests" time="2.062">
    <error message="Could not start a new session. Response code 500. Message: session not created: This version of ChromeDriver only supports Chrome version 114&#10;Current browser version is 131.0.6778.86 with binary path C:\Program Files\Google\Chrome\Application\chrome.exe &#10;Host info: host: &apos;LAPTOP-V3DB7B3S&apos;, ip: &apos;192.168.0.175&apos;&#10;Build info: version: &apos;4.9.0&apos;, revision: &apos;d7057100a6&apos;&#10;System info: os.name: &apos;Windows 11&apos;, os.arch: &apos;amd64&apos;, os.version: &apos;10.0&apos;, java.version: &apos;23.0.1&apos;&#10;Driver info: org.openqa.selenium.chrome.ChromeDriver&#10;Command: [null, newSession {capabilities=[Capabilities {acceptInsecureCerts: true, browserName: chrome, goog:chromeOptions: {args: [--remote-allow-origins=*, --proxy-bypass-list=&lt;-loopb..., --disable-dev-shm-usage, --no-sandbox, --window-size=1920,1080], excludeSwitches: [enable-automation, load-extension], extensions: [], prefs: {credentials_enable_service: false, download.default_directory: C:\Users\samue\Desktop\IBM\..., plugins.always_open_pdf_externally: true, profile.default_content_setting_values.automatic_downloads: 1, safebrowsing.enabled: true}}, pageLoadStrategy: normal, unhandledPromptBehavior: accept}]}]&#10;selenide.url: https://brave-raccoon-1x8diw-dev-ed.trailblaze.lightning.force.com/lightning/n/trlhdtips__Welcome&#10;selenide.baseUrl: http://localhost:8080" type="org.openqa.selenium.SessionNotCreatedException"><![CDATA[org.openqa.selenium.SessionNotCreatedException: 
Could not start a new session. Response code 500. Message: session not created: This version of ChromeDriver only supports Chrome version 114
Current browser version is 131.0.6778.86 with binary path C:\Program Files\Google\Chrome\Application\chrome.exe 
Host info: host: 'LAPTOP-V3DB7B3S', ip: '192.168.0.175'
Build info: version: '4.9.0', revision: 'd7057100a6'
System info: os.name: 'Windows 11', os.arch: 'amd64', os.version: '10.0', java.version: '23.0.1'
Driver info: org.openqa.selenium.chrome.ChromeDriver
Command: [null, newSession {capabilities=[Capabilities {acceptInsecureCerts: true, browserName: chrome, goog:chromeOptions: {args: [--remote-allow-origins=*, --proxy-bypass-list=<-loopb..., --disable-dev-shm-usage, --no-sandbox, --window-size=1920,1080], excludeSwitches: [enable-automation, load-extension], extensions: [], prefs: {credentials_enable_service: false, download.default_directory: C:\Users\samue\Desktop\IBM\..., plugins.always_open_pdf_externally: true, profile.default_content_setting_values.automatic_downloads: 1, safebrowsing.enabled: true}}, pageLoadStrategy: normal, unhandledPromptBehavior: accept}]}]
selenide.url: https://brave-raccoon-1x8diw-dev-ed.trailblaze.lightning.force.com/lightning/n/trlhdtips__Welcome
selenide.baseUrl: http://localhost:8080
	at org.openqa.selenium.remote.ProtocolHandshake.createSession(ProtocolHandshake.java:136)
	at org.openqa.selenium.remote.ProtocolHandshake.createSession(ProtocolHandshake.java:94)
	at org.openqa.selenium.remote.ProtocolHandshake.createSession(ProtocolHandshake.java:68)
	at org.openqa.selenium.remote.HttpCommandExecutor.execute(HttpCommandExecutor.java:165)
	at org.openqa.selenium.remote.service.DriverCommandExecutor.invokeExecute(DriverCommandExecutor.java:183)
	at org.openqa.selenium.remote.service.DriverCommandExecutor.execute(DriverCommandExecutor.java:158)
	at org.openqa.selenium.remote.RemoteWebDriver.execute(RemoteWebDriver.java:543)
	at org.openqa.selenium.remote.RemoteWebDriver.startSession(RemoteWebDriver.java:229)
	at org.openqa.selenium.remote.RemoteWebDriver.<init>(RemoteWebDriver.java:157)
	at org.openqa.selenium.chromium.ChromiumDriver.<init>(ChromiumDriver.java:101)
	at org.openqa.selenium.chrome.ChromeDriver.<init>(ChromeDriver.java:88)
	at org.openqa.selenium.chrome.ChromeDriver.<init>(ChromeDriver.java:84)
	at com.codeborne.selenide.webdriver.ChromeDriverFactory.create(ChromeDriverFactory.java:42)
	at com.codeborne.selenide.webdriver.WebDriverFactory.createWebDriverInstance(WebDriverFactory.java:123)
	at com.codeborne.selenide.webdriver.WebDriverFactory.createWebDriver(WebDriverFactory.java:67)
	at com.codeborne.selenide.drivercommands.CreateDriverCommand.lambda$createDriver$0(CreateDriverCommand.java:76)
	at com.codeborne.selenide.logevents.SelenideLogger.get(SelenideLogger.java:118)
	at com.codeborne.selenide.drivercommands.CreateDriverCommand.createDriver(CreateDriverCommand.java:52)
	at com.codeborne.selenide.impl.WebDriverThreadLocalContainer.createDriver(WebDriverThreadLocalContainer.java:202)
	at com.codeborne.selenide.impl.WebDriverThreadLocalContainer.createAndRegisterDriver(WebDriverThreadLocalContainer.java:186)
	at com.codeborne.selenide.impl.WebDriverThreadLocalContainer.getAndCheckWebDriver(WebDriverThreadLocalContainer.java:155)
	at com.codeborne.selenide.WebDriverRunner.getAndCheckWebDriver(WebDriverRunner.java:130)
	at com.codeborne.selenide.impl.StaticDriver.getAndCheckWebDriver(StaticDriver.java:65)
	at com.codeborne.selenide.SelenideDriver.getAndCheckWebDriver(SelenideDriver.java:220)
	at com.codeborne.selenide.drivercommands.Navigator.lambda$navigateTo$0(Navigator.java:72)
	at com.codeborne.selenide.logevents.SelenideLogger.run(SelenideLogger.java:105)
	at com.codeborne.selenide.drivercommands.Navigator.navigateTo(Navigator.java:70)
	at com.codeborne.selenide.drivercommands.Navigator.open(Navigator.java:32)
	at com.codeborne.selenide.SelenideDriver.open(SelenideDriver.java:101)
	at com.codeborne.selenide.Selenide.open(Selenide.java:53)
	at steps.ApprovalRequestsSteps.logIntoSalesforce(ApprovalRequestsSteps.java:21)
	at ✽.the tester logs into the Salesforce application(file:///C:/Users/samue/Desktop/IBM/TA_test/TestSimulation/src/test/resources/features/ApprovalRequests.feature:4)
]]></error>
    <system-out><![CDATA[
Scenario: Verify 0 items on the Approval Requests page             # src/test/resources/features/ApprovalRequests.feature:3
  Given the tester logs into the Salesforce application            # steps.ApprovalRequestsSteps.logIntoSalesforce(io.cucumber.datatable.DataTable)
    | Username | testautomationibm584@gmail.com |
    | Password | TestAutomation123!             |
      org.openqa.selenium.SessionNotCreatedException: Could not start a new session. Response code 500. Message: session not created: This version of ChromeDriver only supports Chrome version 114
Current browser version is 131.0.6778.86 with binary path C:\Program Files\Google\Chrome\Application\chrome.exe 
Host info: host: 'LAPTOP-V3DB7B3S', ip: '192.168.0.175'
Build info: version: '4.9.0', revision: 'd7057100a6'
System info: os.name: 'Windows 11', os.arch: 'amd64', os.version: '10.0', java.version: '23.0.1'
Driver info: org.openqa.selenium.chrome.ChromeDriver
Command: [null, newSession {capabilities=[Capabilities {acceptInsecureCerts: true, browserName: chrome, goog:chromeOptions: {args: [--remote-allow-origins=*, --proxy-bypass-list=<-loopb..., --disable-dev-shm-usage, --no-sandbox, --window-size=1920,1080], excludeSwitches: [enable-automation, load-extension], extensions: [], prefs: {credentials_enable_service: false, download.default_directory: C:\Users\samue\Desktop\IBM\..., plugins.always_open_pdf_externally: true, profile.default_content_setting_values.automatic_downloads: 1, safebrowsing.enabled: true}}, pageLoadStrategy: normal, unhandledPromptBehavior: accept}]}]
selenide.url: https://brave-raccoon-1x8diw-dev-ed.trailblaze.lightning.force.com/lightning/n/trlhdtips__Welcome
selenide.baseUrl: http://localhost:8080
	at org.openqa.selenium.remote.ProtocolHandshake.createSession(ProtocolHandshake.java:136)
	at org.openqa.selenium.remote.ProtocolHandshake.createSession(ProtocolHandshake.java:94)
	at org.openqa.selenium.remote.ProtocolHandshake.createSession(ProtocolHandshake.java:68)
	at org.openqa.selenium.remote.HttpCommandExecutor.execute(HttpCommandExecutor.java:165)
	at org.openqa.selenium.remote.service.DriverCommandExecutor.invokeExecute(DriverCommandExecutor.java:183)
	at org.openqa.selenium.remote.service.DriverCommandExecutor.execute(DriverCommandExecutor.java:158)
	at org.openqa.selenium.remote.RemoteWebDriver.execute(RemoteWebDriver.java:543)
	at org.openqa.selenium.remote.RemoteWebDriver.startSession(RemoteWebDriver.java:229)
	at org.openqa.selenium.remote.RemoteWebDriver.<init>(RemoteWebDriver.java:157)
	at org.openqa.selenium.chromium.ChromiumDriver.<init>(ChromiumDriver.java:101)
	at org.openqa.selenium.chrome.ChromeDriver.<init>(ChromeDriver.java:88)
	at org.openqa.selenium.chrome.ChromeDriver.<init>(ChromeDriver.java:84)
	at com.codeborne.selenide.webdriver.ChromeDriverFactory.create(ChromeDriverFactory.java:42)
	at com.codeborne.selenide.webdriver.WebDriverFactory.createWebDriverInstance(WebDriverFactory.java:123)
	at com.codeborne.selenide.webdriver.WebDriverFactory.createWebDriver(WebDriverFactory.java:67)
	at com.codeborne.selenide.drivercommands.CreateDriverCommand.lambda$createDriver$0(CreateDriverCommand.java:76)
	at com.codeborne.selenide.logevents.SelenideLogger.get(SelenideLogger.java:118)
	at com.codeborne.selenide.drivercommands.CreateDriverCommand.createDriver(CreateDriverCommand.java:52)
	at com.codeborne.selenide.impl.WebDriverThreadLocalContainer.createDriver(WebDriverThreadLocalContainer.java:202)
	at com.codeborne.selenide.impl.WebDriverThreadLocalContainer.createAndRegisterDriver(WebDriverThreadLocalContainer.java:186)
	at com.codeborne.selenide.impl.WebDriverThreadLocalContainer.getAndCheckWebDriver(WebDriverThreadLocalContainer.java:155)
	at com.codeborne.selenide.WebDriverRunner.getAndCheckWebDriver(WebDriverRunner.java:130)
	at com.codeborne.selenide.impl.StaticDriver.getAndCheckWebDriver(StaticDriver.java:65)
	at com.codeborne.selenide.SelenideDriver.getAndCheckWebDriver(SelenideDriver.java:220)
	at com.codeborne.selenide.drivercommands.Navigator.lambda$navigateTo$0(Navigator.java:72)
	at com.codeborne.selenide.logevents.SelenideLogger.run(SelenideLogger.java:105)
	at com.codeborne.selenide.drivercommands.Navigator.navigateTo(Navigator.java:70)
	at com.codeborne.selenide.drivercommands.Navigator.open(Navigator.java:32)
	at com.codeborne.selenide.SelenideDriver.open(SelenideDriver.java:101)
	at com.codeborne.selenide.Selenide.open(Selenide.java:53)
	at steps.ApprovalRequestsSteps.logIntoSalesforce(ApprovalRequestsSteps.java:21)
	at ✽.the tester logs into the Salesforce application(file:///C:/Users/samue/Desktop/IBM/TA_test/TestSimulation/src/test/resources/features/ApprovalRequests.feature:4)

  When the tester opens the App Launcher                           # steps.ApprovalRequestsSteps.openAppLauncher()
  And the tester selects Approval Requests                         # steps.ApprovalRequestsSteps.selectApprovalRequests()
  Then the tester verifies they land on the Approval Requests page # steps.ApprovalRequestsSteps.verifyApprovalRequestsPage()
  And there is an "Items to Approve" header                        # steps.ApprovalRequestsSteps.verifyItemsToApproveHeader()
  And there are 0 items                                            # steps.ApprovalRequestsSteps.verifyZeroItems()
]]></system-out>
    <system-err><![CDATA[SLF4J: No SLF4J providers were found.
SLF4J: Defaulting to no-operation (NOP) logger implementation
SLF4J: See https://www.slf4j.org/codes.html#noProviders for further details.
Starting ChromeDriver 114.0.5735.90 (386bc09e8f4f2e025eddae123f36f6263096ae49-refs/branch-heads/5735@{#1052}) on port 23890
Only local connections are allowed.
Please see https://chromedriver.chromium.org/security-considerations for suggestions on keeping ChromeDriver safe.
ChromeDriver was started successfully.
]]></system-err>
  </testcase>
</testsuite>